<?xml version="1.0" encoding="UTF-8"?>
<!-- Generated by org.testng.reporters.JUnitReportReporter -->
<testsuite skipped="0" hostname="ASUS-K53SM" name="com.urbanladder.GetAllNavMenuOptionsTest" tests="1" failures="0" timestamp="07 Mar 2020 09:57:11 GMT" time="76.666" errors="0">
  <testcase name="getAllNavMenuOptionsViaDynamicXpath" time="76.666" classname="com.urbanladder.GetAllNavMenuOptionsTest"/>
</testsuite> <!-- com.urbanladder.GetAllNavMenuOptionsTest -->
