<?xml version="1.0" encoding="UTF-8"?>
<!-- Generated by org.testng.reporters.JUnitReportReporter -->
<testsuite skipped="0" hostname="ASUS-K53SM" name="com.espncricinfo.GetFirstMatchResultTableDataTest" tests="1" failures="0" timestamp="05 Mar 2020 18:09:56 GMT" time="36.992" errors="0">
  <testcase name="getFirstMatchResultTableData" time="36.992" classname="com.espncricinfo.GetFirstMatchResultTableDataTest"/>
</testsuite> <!-- com.espncricinfo.GetFirstMatchResultTableDataTest -->
