<?xml version="1.0" encoding="UTF-8"?>
<!-- Generated by org.testng.reporters.JUnitReportReporter -->
<testsuite skipped="0" hostname="ASUS-K53SM" name="com.highcharts.GetStatsFromBasicLineChartTest" tests="1" failures="0" timestamp="05 Mar 2020 08:34:55 GMT" time="26.346" errors="0">
  <testcase name="geStatsFromBasicLineChart" time="26.346" classname="com.highcharts.GetStatsFromBasicLineChartTest"/>
</testsuite> <!-- com.highcharts.GetStatsFromBasicLineChartTest -->
