<?xml version="1.0" encoding="UTF-8"?>
<!-- Generated by org.testng.reporters.JUnitReportReporter -->
<testsuite skipped="0" hostname="ASUS-K53SM" name="in.redbus.SearchForABusAfterFiftyDaysTest" tests="1" failures="0" timestamp="07 Mar 2020 10:06:08 GMT" time="23.131" errors="0">
  <testcase name="searchForABusAfterFiftyDays" time="23.131" classname="in.redbus.SearchForABusAfterFiftyDaysTest"/>
</testsuite> <!-- in.redbus.SearchForABusAfterFiftyDaysTest -->
